<?xml version="1.0" encoding="UTF-8"?>
<!-- Generated by org.testng.reporters.JUnitReportReporter -->
<testsuite hostname="DESKTOP-6AOHFH7" failures="0" tests="1" name="testNgWorking.WorkingWithTestNg" time="0.011" errors="0" timestamp="10 Jun 2024 11:06:40 GMT" skipped="0">
  <testcase classname="testNgWorking.WorkingWithTestNg" name="testScript1" time="0.011"/>
</testsuite> <!-- testNgWorking.WorkingWithTestNg -->
