<?xml version="1.0" encoding="UTF-8"?>
<!-- Generated by org.testng.reporters.JUnitReportReporter -->
<testsuite hostname="DESKTOP-6AOHFH7" failures="0" tests="3" name="testNgWorking.DemoWebShop" time="33.543" errors="0" timestamp="11 Jun 2024 07:36:24 GMT" skipped="0">
  <testcase classname="testNgWorking.DemoWebShop" name="register" time="29.492"/>
  <testcase classname="testNgWorking.DemoWebShop" name="login" time="2.670"/>
  <testcase classname="testNgWorking.DemoWebShop" name="AddTOCart" time="1.381"/>
</testsuite> <!-- testNgWorking.DemoWebShop -->
